# JRE version: Java(TM) SE Runtime Environment (8.0-b132) (build 1.8.0-b132)
# Java VM: Java HotSpot(TM) 64-Bit Server VM (25.0-b70 mixed mode bsd-amd64 compressed oops)
Heap:
 PSYoungGen      total 22016K, used 4126K [0x00000007aab00000, 0x00000007ad380000, 0x00000007c0000000)
  eden space 19456K, 8% used [0x00000007aab00000,0x00000007aac8b0f8,0x00000007abe00000)
  from space 2560K, 99% used [0x00000007abe00000,0x00000007ac07ca80,0x00000007ac080000)
  to   space 5120K, 0% used [0x00000007ace80000,0x00000007ace80000,0x00000007ad380000)
 ParOldGen       total 64000K, used 11128K [0x0000000780000000, 0x0000000783e80000, 0x00000007aab00000)
  object space 64000K, 17% used [0x0000000780000000,0x0000000780ade348,0x0000000783e80000)
 Metaspace       used 18332K, capacity 18530K, committed 18688K, reserved 1064960K
  class space    used 2675K, capacity 2750K, committed 2816K, reserved 1048576K
GC Heap History (10 events):
Event: 1.143 GC heap before
{Heap before GC invocations=9 (full 0):
 PSYoungGen      total 9216K, used 9200K [0x00000007aab00000, 0x00000007ab700000, 0x00000007c0000000)
  eden space 7680K, 100% used [0x00000007aab00000,0x00000007ab280000,0x00000007ab280000)
  from space 1536K, 98% used [0x00000007ab480000,0x00000007ab5fc030,0x00000007ab600000)
  to   space 2048K, 0% used [0x00000007ab280000,0x00000007ab280000,0x00000007ab480000)
 ParOldGen       total 64000K, used 1440K [0x0000000780000000, 0x0000000783e80000, 0x00000007aab00000)
  object space 64000K, 2% used [0x0000000780000000,0x0000000780168070,0x0000000783e80000)
 Metaspace       used 10510K, capacity 10684K, committed 11008K, reserved 1058816K
  class space    used 1368K, capacity 1435K, committed 1536K, reserved 1048576K
Event: 1.147 GC heap after
Heap after GC invocations=9 (full 0):
 PSYoungGen      total 9728K, used 1856K [0x00000007aab00000, 0x00000007abb00000, 0x00000007c0000000)
  eden space 7680K, 0% used [0x00000007aab00000,0x00000007aab00000,0x00000007ab280000)
  from space 2048K, 90% used [0x00000007ab280000,0x00000007ab450000,0x00000007ab480000)
  to   space 2048K, 0% used [0x00000007ab900000,0x00000007ab900000,0x00000007abb00000)
 ParOldGen       total 64000K, used 1792K [0x0000000780000000, 0x0000000783e80000, 0x00000007aab00000)
  object space 64000K, 2% used [0x0000000780000000,0x00000007801c00c0,0x0000000783e80000)
 Metaspace       used 10510K, capacity 10684K, committed 11008K, reserved 1058816K
  class space    used 1368K, capacity 1435K, committed 1536K, reserved 1048576K
}
Event: 1.277 GC heap before
{Heap before GC invocations=10 (full 0):
 PSYoungGen      total 9728K, used 9536K [0x00000007aab00000, 0x00000007abb00000, 0x00000007c0000000)
  eden space 7680K, 100% used [0x00000007aab00000,0x00000007ab280000,0x00000007ab280000)
  from space 2048K, 90% used [0x00000007ab280000,0x00000007ab450000,0x00000007ab480000)
  to   space 2048K, 0% used [0x00000007ab900000,0x00000007ab900000,0x00000007abb00000)
 ParOldGen       total 64000K, used 1792K [0x0000000780000000, 0x0000000783e80000, 0x00000007aab00000)
  object space 64000K, 2% used [0x0000000780000000,0x00000007801c00c0,0x0000000783e80000)
 Metaspace       used 11028K, capacity 11228K, committed 11520K, reserved 1058816K
  class space    used 1491K, capacity 1531K, committed 1536K, reserved 1048576K
Event: 1.281 GC heap after
Heap after GC invocations=10 (full 0):
 PSYoungGen      total 14336K, used 1143K [0x00000007aab00000, 0x00000007abb00000, 0x00000007c0000000)
  eden space 12288K, 0% used [0x00000007aab00000,0x00000007aab00000,0x00000007ab700000)
  from space 2048K, 55% used [0x00000007ab900000,0x00000007aba1ddb8,0x00000007abb00000)
  to   space 2048K, 0% used [0x00000007ab700000,0x00000007ab700000,0x00000007ab900000)
 ParOldGen       total 64000K, used 2841K [0x0000000780000000, 0x0000000783e80000, 0x00000007aab00000)
  object space 64000K, 4% used [0x0000000780000000,0x00000007802c6450,0x0000000783e80000)
 Metaspace       used 11028K, capacity 11228K, committed 11520K, reserved 1058816K
  class space    used 1491K, capacity 1531K, committed 1536K, reserved 1048576K
}
Event: 1.580 GC heap before
{Heap before GC invocations=11 (full 0):
 PSYoungGen      total 14336K, used 13431K [0x00000007aab00000, 0x00000007abb00000, 0x00000007c0000000)
  eden space 12288K, 100% used [0x00000007aab00000,0x00000007ab700000,0x00000007ab700000)
  from space 2048K, 55% used [0x00000007ab900000,0x00000007aba1ddb8,0x00000007abb00000)
  to   space 2048K, 0% used [0x00000007ab700000,0x00000007ab700000,0x00000007ab900000)
 ParOldGen       total 64000K, used 2841K [0x0000000780000000, 0x0000000783e80000, 0x00000007aab00000)
  object space 64000K, 4% used [0x0000000780000000,0x00000007802c6450,0x0000000783e80000)
 Metaspace       used 11878K, capacity 12098K, committed 12288K, reserved 1060864K
  class space    used 1578K, capacity 1676K, committed 1792K, reserved 1048576K
Event: 1.587 GC heap after
Heap after GC invocations=11 (full 0):
 PSYoungGen      total 14336K, used 1616K [0x00000007aab00000, 0x00000007ac280000, 0x00000007c0000000)
  eden space 12288K, 0% used [0x00000007aab00000,0x00000007aab00000,0x00000007ab700000)
  from space 2048K, 78% used [0x00000007ab700000,0x00000007ab894010,0x00000007ab900000)
  to   space 2048K, 0% used [0x00000007ac080000,0x00000007ac080000,0x00000007ac280000)
 ParOldGen       total 64000K, used 3904K [0x0000000780000000, 0x0000000783e80000, 0x00000007aab00000)
  object space 64000K, 6% used [0x0000000780000000,0x00000007803d0208,0x0000000783e80000)
 Metaspace       used 11878K, capacity 12098K, committed 12288K, reserved 1060864K
  class space    used 1578K, capacity 1676K, committed 1792K, reserved 1048576K
}
Event: 2.364 GC heap before
{Heap before GC invocations=12 (full 0):
 PSYoungGen      total 14336K, used 13904K [0x00000007aab00000, 0x00000007ac280000, 0x00000007c0000000)
  eden space 12288K, 100% used [0x00000007aab00000,0x00000007ab700000,0x00000007ab700000)
  from space 2048K, 78% used [0x00000007ab700000,0x00000007ab894010,0x00000007ab900000)
  to   space 2048K, 0% used [0x00000007ac080000,0x00000007ac080000,0x00000007ac280000)
 ParOldGen       total 64000K, used 3904K [0x0000000780000000, 0x0000000783e80000, 0x00000007aab00000)
  object space 64000K, 6% used [0x0000000780000000,0x00000007803d0208,0x0000000783e80000)
 Metaspace       used 15671K, capacity 15888K, committed 16000K, reserved 1062912K
  class space    used 2365K, capacity 2427K, committed 2432K, reserved 1048576K
Event: 2.371 GC heap after
Heap after GC invocations=12 (full 0):
 PSYoungGen      total 21504K, used 1792K [0x00000007aab00000, 0x00000007ac380000, 0x00000007c0000000)
  eden space 19456K, 0% used [0x00000007aab00000,0x00000007aab00000,0x00000007abe00000)
  from space 2048K, 87% used [0x00000007ac080000,0x00000007ac240000,0x00000007ac280000)
  to   space 2560K, 0% used [0x00000007abe00000,0x00000007abe00000,0x00000007ac080000)
 ParOldGen       total 64000K, used 5400K [0x0000000780000000, 0x0000000783e80000, 0x00000007aab00000)
  object space 64000K, 8% used [0x0000000780000000,0x0000000780546218,0x0000000783e80000)
 Metaspace       used 15671K, capacity 15888K, committed 16000K, reserved 1062912K
  class space    used 2365K, capacity 2427K, committed 2432K, reserved 1048576K
}
Event: 28.871 GC heap before
{Heap before GC invocations=13 (full 0):
 PSYoungGen      total 21504K, used 21248K [0x00000007aab00000, 0x00000007ac380000, 0x00000007c0000000)
  eden space 19456K, 100% used [0x00000007aab00000,0x00000007abe00000,0x00000007abe00000)
  from space 2048K, 87% used [0x00000007ac080000,0x00000007ac240000,0x00000007ac280000)
  to   space 2560K, 0% used [0x00000007abe00000,0x00000007abe00000,0x00000007ac080000)
 ParOldGen       total 64000K, used 5400K [0x0000000780000000, 0x0000000783e80000, 0x00000007aab00000)
  object space 64000K, 8% used [0x0000000780000000,0x0000000780546218,0x0000000783e80000)
 Metaspace       used 18269K, capacity 18498K, committed 18688K, reserved 1064960K
  class space    used 2670K, capacity 2718K, committed 2816K, reserved 1048576K
Event: 28.883 GC heap after
Heap after GC invocations=13 (full 0):
 PSYoungGen      total 22016K, used 2546K [0x00000007aab00000, 0x00000007ad380000, 0x00000007c0000000)
  eden space 19456K, 0% used [0x00000007aab00000,0x00000007aab00000,0x00000007abe00000)
  from space 2560K, 99% used [0x00000007abe00000,0x00000007ac07ca80,0x00000007ac080000)
  to   space 5120K, 0% used [0x00000007ace80000,0x00000007ace80000,0x00000007ad380000)
 ParOldGen       total 64000K, used 11128K [0x0000000780000000, 0x0000000783e80000, 0x00000007aab00000)
  object space 64000K, 17% used [0x0000000780000000,0x0000000780ade348,0x0000000783e80000)
 Metaspace       used 18269K, capacity 18498K, committed 18688K, reserved 1064960K
  class space    used 2670K, capacity 2718K, committed 2816K, reserved 1048576K
}

